<?xml version="1.0" encoding="UTF-8"?>
<!-- Generated by org.testng.reporters.JUnitReportReporter -->
<testsuite skipped="0" hostname="DESKTOP-2J5FH6B" name="amzpkg1.Amazon.Launchclass" tests="4" failures="0" timestamp="24 Mar 2018 05:46:28 GMT" time="18.134" errors="0">
  <testcase name="browserlogin" time="6.852" classname="amzpkg1.Amazon.Launchclass"/>
  <testcase name="tryprimelink" time="7.430" classname="amzpkg1.Amazon.Launchclass"/>
  <testcase name="menucheck" time="0.063" classname="amzpkg1.Amazon.Launchclass"/>
  <testcase name="department1" time="3.789" classname="amzpkg1.Amazon.Launchclass"/>
</testsuite> <!-- amzpkg1.Amazon.Launchclass -->
